<?xml version="1.0" encoding="UTF-8"?>
<!-- Generated by org.testng.reporters.JUnitReportReporter -->
<testsuite skipped="0" hostname="DESKTOP-CGVF6TB" name="project1.testscripts.Test2" tests="1" failures="0" timestamp="14 Mar 2018 13:42:47 GMT" time="30.694" errors="0">
  <testcase name="verifyProjectSearchAndOpen" time="30.694" classname="project1.testscripts.Test2"/>
</testsuite> <!-- project1.testscripts.Test2 -->
