<?xml version="1.0" encoding="UTF-8"?>
<!-- Generated by org.testng.reporters.JUnitReportReporter -->
<testsuite skipped="0" hostname="DESKTOP-CGVF6TB" name="project1.testscripts.Test1" tests="1" failures="0" timestamp="14 Mar 2018 13:42:47 GMT" time="85.562" errors="0">
  <testcase name="verifyCreateProject" time="85.562" classname="project1.testscripts.Test1"/>
</testsuite> <!-- project1.testscripts.Test1 -->
